DEBIAN/shlibs
usr/bin/ecl
usr/bin/ecl-config
usr/include/ecl/bytecodes.h
usr/include/ecl/cache.h
usr/include/ecl/config-internal.h
usr/include/ecl/config.h
usr/include/ecl/configpre-int.h
usr/include/ecl/configpre.h
usr/include/ecl/cons.h
usr/include/ecl/cs.h
usr/include/ecl/ecl-cmp.h
usr/include/ecl/ecl-inl.h
usr/include/ecl/ecl.h
usr/include/ecl/ecl_atomics.h
usr/include/ecl/external.h
usr/include/ecl/impl/math_dispatch.h
usr/include/ecl/impl/math_dispatch2.h
usr/include/ecl/impl/math_fenv.h
usr/include/ecl/impl/math_fenv_msvc.h
usr/include/ecl/internal.h
usr/include/ecl/legacy.h
usr/include/ecl/number.h
usr/include/ecl/object.h
usr/include/ecl/page.h
usr/include/ecl/stack-resize.h
usr/include/ecl/stacks.h
usr/lib/x86_64-linux-gnu/ecl-21.2.1/COPYING
usr/lib/x86_64-linux-gnu/ecl-21.2.1/LICENSE
usr/lib/x86_64-linux-gnu/ecl-21.2.1/TAGS
usr/lib/x86_64-linux-gnu/ecl-21.2.1/asdf.fas
usr/lib/x86_64-linux-gnu/ecl-21.2.1/build-stamp
usr/lib/x86_64-linux-gnu/ecl-21.2.1/cmp.asd
usr/lib/x86_64-linux-gnu/ecl-21.2.1/cmp.fas
usr/lib/x86_64-linux-gnu/ecl-21.2.1/deflate.asd
usr/lib/x86_64-linux-gnu/ecl-21.2.1/deflate.fas
usr/lib/x86_64-linux-gnu/ecl-21.2.1/dpp
usr/lib/x86_64-linux-gnu/ecl-21.2.1/ecl-cdb.asd
usr/lib/x86_64-linux-gnu/ecl-21.2.1/ecl-cdb.fas
usr/lib/x86_64-linux-gnu/ecl-21.2.1/ecl-curl.asd
usr/lib/x86_64-linux-gnu/ecl-21.2.1/ecl-curl.fas
usr/lib/x86_64-linux-gnu/ecl-21.2.1/ecl-help.asd
usr/lib/x86_64-linux-gnu/ecl-21.2.1/ecl-help.fas
usr/lib/x86_64-linux-gnu/ecl-21.2.1/ecl-quicklisp.asd
usr/lib/x86_64-linux-gnu/ecl-21.2.1/ecl-quicklisp.fas
usr/lib/x86_64-linux-gnu/ecl-21.2.1/ecl_min
usr/lib/x86_64-linux-gnu/ecl-21.2.1/encodings/arabic
usr/lib/x86_64-linux-gnu/ecl-21.2.1/encodings/ascii
usr/lib/x86_64-linux-gnu/ecl-21.2.1/encodings/asmo-708
usr/lib/x86_64-linux-gnu/ecl-21.2.1/encodings/atarist.bin
usr/lib/x86_64-linux-gnu/ecl-21.2.1/encodings/cp-856.bin
usr/lib/x86_64-linux-gnu/ecl-21.2.1/encodings/cp819
usr/lib/x86_64-linux-gnu/ecl-21.2.1/encodings/cp850
usr/lib/x86_64-linux-gnu/ecl-21.2.1/encodings/cp862
usr/lib/x86_64-linux-gnu/ecl-21.2.1/encodings/cp866
usr/lib/x86_64-linux-gnu/ecl-21.2.1/encodings/cp932
usr/lib/x86_64-linux-gnu/ecl-21.2.1/encodings/cp936
usr/lib/x86_64-linux-gnu/ecl-21.2.1/encodings/cp949
usr/lib/x86_64-linux-gnu/ecl-21.2.1/encodings/cp950
usr/lib/x86_64-linux-gnu/ecl-21.2.1/encodings/cyrillic
usr/lib/x86_64-linux-gnu/ecl-21.2.1/encodings/dos-cp437.bin
usr/lib/x86_64-linux-gnu/ecl-21.2.1/encodings/dos-cp737.bin
usr/lib/x86_64-linux-gnu/ecl-21.2.1/encodings/dos-cp775.bin
usr/lib/x86_64-linux-gnu/ecl-21.2.1/encodings/dos-cp850.bin
usr/lib/x86_64-linux-gnu/ecl-21.2.1/encodings/dos-cp852.bin
usr/lib/x86_64-linux-gnu/ecl-21.2.1/encodings/dos-cp855.bin
usr/lib/x86_64-linux-gnu/ecl-21.2.1/encodings/dos-cp857.bin
usr/lib/x86_64-linux-gnu/ecl-21.2.1/encodings/dos-cp860.bin
usr/lib/x86_64-linux-gnu/ecl-21.2.1/encodings/dos-cp861.bin
usr/lib/x86_64-linux-gnu/ecl-21.2.1/encodings/dos-cp862.bin
usr/lib/x86_64-linux-gnu/ecl-21.2.1/encodings/dos-cp863.bin
usr/lib/x86_64-linux-gnu/ecl-21.2.1/encodings/dos-cp864.bin
usr/lib/x86_64-linux-gnu/ecl-21.2.1/encodings/dos-cp865.bin
usr/lib/x86_64-linux-gnu/ecl-21.2.1/encodings/dos-cp866.bin
usr/lib/x86_64-linux-gnu/ecl-21.2.1/encodings/dos-cp869.bin
usr/lib/x86_64-linux-gnu/ecl-21.2.1/encodings/dos-cp874.bin
usr/lib/x86_64-linux-gnu/ecl-21.2.1/encodings/ecma-114
usr/lib/x86_64-linux-gnu/ecl-21.2.1/encodings/ecma-118
usr/lib/x86_64-linux-gnu/ecl-21.2.1/encodings/greek
usr/lib/x86_64-linux-gnu/ecl-21.2.1/encodings/greek8
usr/lib/x86_64-linux-gnu/ecl-21.2.1/encodings/hebrew
usr/lib/x86_64-linux-gnu/ecl-21.2.1/encodings/ibm437
usr/lib/x86_64-linux-gnu/ecl-21.2.1/encodings/ibm819
usr/lib/x86_64-linux-gnu/ecl-21.2.1/encodings/ibm850
usr/lib/x86_64-linux-gnu/ecl-21.2.1/encodings/ibm852
usr/lib/x86_64-linux-gnu/ecl-21.2.1/encodings/ibm855
usr/lib/x86_64-linux-gnu/ecl-21.2.1/encodings/ibm857
usr/lib/x86_64-linux-gnu/ecl-21.2.1/encodings/ibm860
usr/lib/x86_64-linux-gnu/ecl-21.2.1/encodings/ibm861
usr/lib/x86_64-linux-gnu/ecl-21.2.1/encodings/ibm862
usr/lib/x86_64-linux-gnu/ecl-21.2.1/encodings/ibm863
usr/lib/x86_64-linux-gnu/ecl-21.2.1/encodings/ibm864
usr/lib/x86_64-linux-gnu/ecl-21.2.1/encodings/ibm865
usr/lib/x86_64-linux-gnu/ecl-21.2.1/encodings/ibm866
usr/lib/x86_64-linux-gnu/ecl-21.2.1/encodings/ibm869
usr/lib/x86_64-linux-gnu/ecl-21.2.1/encodings/iso-2022-jp
usr/lib/x86_64-linux-gnu/ecl-21.2.1/encodings/iso-2022-jp-1
usr/lib/x86_64-linux-gnu/ecl-21.2.1/encodings/iso-8859-1.bin
usr/lib/x86_64-linux-gnu/ecl-21.2.1/encodings/iso-8859-10.bin
usr/lib/x86_64-linux-gnu/ecl-21.2.1/encodings/iso-8859-11.bin
usr/lib/x86_64-linux-gnu/ecl-21.2.1/encodings/iso-8859-13.bin
usr/lib/x86_64-linux-gnu/ecl-21.2.1/encodings/iso-8859-14.bin
usr/lib/x86_64-linux-gnu/ecl-21.2.1/encodings/iso-8859-15.bin
usr/lib/x86_64-linux-gnu/ecl-21.2.1/encodings/iso-8859-16.bin
usr/lib/x86_64-linux-gnu/ecl-21.2.1/encodings/iso-8859-2.bin
usr/lib/x86_64-linux-gnu/ecl-21.2.1/encodings/iso-8859-3.bin
usr/lib/x86_64-linux-gnu/ecl-21.2.1/encodings/iso-8859-4.bin
usr/lib/x86_64-linux-gnu/ecl-21.2.1/encodings/iso-8859-5.bin
usr/lib/x86_64-linux-gnu/ecl-21.2.1/encodings/iso-8859-6.bin
usr/lib/x86_64-linux-gnu/ecl-21.2.1/encodings/iso-8859-7.bin
usr/lib/x86_64-linux-gnu/ecl-21.2.1/encodings/iso-8859-8.bin
usr/lib/x86_64-linux-gnu/ecl-21.2.1/encodings/iso-8859-9.bin
usr/lib/x86_64-linux-gnu/ecl-21.2.1/encodings/iso8859-1
usr/lib/x86_64-linux-gnu/ecl-21.2.1/encodings/iso8859-10
usr/lib/x86_64-linux-gnu/ecl-21.2.1/encodings/iso8859-13
usr/lib/x86_64-linux-gnu/ecl-21.2.1/encodings/iso8859-14
usr/lib/x86_64-linux-gnu/ecl-21.2.1/encodings/iso8859-15
usr/lib/x86_64-linux-gnu/ecl-21.2.1/encodings/iso8859-2
usr/lib/x86_64-linux-gnu/ecl-21.2.1/encodings/iso8859-3
usr/lib/x86_64-linux-gnu/ecl-21.2.1/encodings/iso8859-4
usr/lib/x86_64-linux-gnu/ecl-21.2.1/encodings/iso8859-5
usr/lib/x86_64-linux-gnu/ecl-21.2.1/encodings/iso8859-6
usr/lib/x86_64-linux-gnu/ecl-21.2.1/encodings/iso8859-7
usr/lib/x86_64-linux-gnu/ecl-21.2.1/encodings/iso8859-8
usr/lib/x86_64-linux-gnu/ecl-21.2.1/encodings/iso8859-9
usr/lib/x86_64-linux-gnu/ecl-21.2.1/encodings/jisx0201.bin
usr/lib/x86_64-linux-gnu/ecl-21.2.1/encodings/jisx0208.bin
usr/lib/x86_64-linux-gnu/ecl-21.2.1/encodings/jisx0212.bin
usr/lib/x86_64-linux-gnu/ecl-21.2.1/encodings/koi8-r.bin
usr/lib/x86_64-linux-gnu/ecl-21.2.1/encodings/koi8-u.bin
usr/lib/x86_64-linux-gnu/ecl-21.2.1/encodings/koi8r
usr/lib/x86_64-linux-gnu/ecl-21.2.1/encodings/latin-1
usr/lib/x86_64-linux-gnu/ecl-21.2.1/encodings/latin-2
usr/lib/x86_64-linux-gnu/ecl-21.2.1/encodings/latin-3
usr/lib/x86_64-linux-gnu/ecl-21.2.1/encodings/latin-4
usr/lib/x86_64-linux-gnu/ecl-21.2.1/encodings/latin-5
usr/lib/x86_64-linux-gnu/ecl-21.2.1/encodings/latin-6
usr/lib/x86_64-linux-gnu/ecl-21.2.1/encodings/latin-7
usr/lib/x86_64-linux-gnu/ecl-21.2.1/encodings/latin-8
usr/lib/x86_64-linux-gnu/ecl-21.2.1/encodings/latin-9
usr/lib/x86_64-linux-gnu/ecl-21.2.1/encodings/latin2
usr/lib/x86_64-linux-gnu/ecl-21.2.1/encodings/latin3
usr/lib/x86_64-linux-gnu/ecl-21.2.1/encodings/latin4
usr/lib/x86_64-linux-gnu/ecl-21.2.1/encodings/latin5
usr/lib/x86_64-linux-gnu/ecl-21.2.1/encodings/latin6
usr/lib/x86_64-linux-gnu/ecl-21.2.1/encodings/latin7
usr/lib/x86_64-linux-gnu/ecl-21.2.1/encodings/latin8
usr/lib/x86_64-linux-gnu/ecl-21.2.1/encodings/latin9
usr/lib/x86_64-linux-gnu/ecl-21.2.1/encodings/ms-ansi
usr/lib/x86_64-linux-gnu/ecl-21.2.1/encodings/ms-arab
usr/lib/x86_64-linux-gnu/ecl-21.2.1/encodings/ms-cyrl
usr/lib/x86_64-linux-gnu/ecl-21.2.1/encodings/ms-ee
usr/lib/x86_64-linux-gnu/ecl-21.2.1/encodings/ms-greek
usr/lib/x86_64-linux-gnu/ecl-21.2.1/encodings/ms-hebr
usr/lib/x86_64-linux-gnu/ecl-21.2.1/encodings/ms-turk
usr/lib/x86_64-linux-gnu/ecl-21.2.1/encodings/shift-jis.bin
usr/lib/x86_64-linux-gnu/ecl-21.2.1/encodings/tools.lisp
usr/lib/x86_64-linux-gnu/ecl-21.2.1/encodings/ucs2
usr/lib/x86_64-linux-gnu/ecl-21.2.1/encodings/ucs2be
usr/lib/x86_64-linux-gnu/ecl-21.2.1/encodings/ucs2le
usr/lib/x86_64-linux-gnu/ecl-21.2.1/encodings/ucs4
usr/lib/x86_64-linux-gnu/ecl-21.2.1/encodings/ucs4be
usr/lib/x86_64-linux-gnu/ecl-21.2.1/encodings/ucs4le
usr/lib/x86_64-linux-gnu/ecl-21.2.1/encodings/unicode
usr/lib/x86_64-linux-gnu/ecl-21.2.1/encodings/utf-16
usr/lib/x86_64-linux-gnu/ecl-21.2.1/encodings/utf-16be
usr/lib/x86_64-linux-gnu/ecl-21.2.1/encodings/utf-16le
usr/lib/x86_64-linux-gnu/ecl-21.2.1/encodings/utf-32
usr/lib/x86_64-linux-gnu/ecl-21.2.1/encodings/utf-32be
usr/lib/x86_64-linux-gnu/ecl-21.2.1/encodings/utf-32le
usr/lib/x86_64-linux-gnu/ecl-21.2.1/encodings/utf16
usr/lib/x86_64-linux-gnu/ecl-21.2.1/encodings/utf32
usr/lib/x86_64-linux-gnu/ecl-21.2.1/encodings/utf8
usr/lib/x86_64-linux-gnu/ecl-21.2.1/encodings/winbaltrim
usr/lib/x86_64-linux-gnu/ecl-21.2.1/encodings/windows-1250
usr/lib/x86_64-linux-gnu/ecl-21.2.1/encodings/windows-1251
usr/lib/x86_64-linux-gnu/ecl-21.2.1/encodings/windows-1252
usr/lib/x86_64-linux-gnu/ecl-21.2.1/encodings/windows-1253
usr/lib/x86_64-linux-gnu/ecl-21.2.1/encodings/windows-1254
usr/lib/x86_64-linux-gnu/ecl-21.2.1/encodings/windows-1255
usr/lib/x86_64-linux-gnu/ecl-21.2.1/encodings/windows-1256
usr/lib/x86_64-linux-gnu/ecl-21.2.1/encodings/windows-1257
usr/lib/x86_64-linux-gnu/ecl-21.2.1/encodings/windows-1258
usr/lib/x86_64-linux-gnu/ecl-21.2.1/encodings/windows-932
usr/lib/x86_64-linux-gnu/ecl-21.2.1/encodings/windows-936
usr/lib/x86_64-linux-gnu/ecl-21.2.1/encodings/windows-949
usr/lib/x86_64-linux-gnu/ecl-21.2.1/encodings/windows-950
usr/lib/x86_64-linux-gnu/ecl-21.2.1/encodings/windows-cp1250.bin
usr/lib/x86_64-linux-gnu/ecl-21.2.1/encodings/windows-cp1251.bin
usr/lib/x86_64-linux-gnu/ecl-21.2.1/encodings/windows-cp1252.bin
usr/lib/x86_64-linux-gnu/ecl-21.2.1/encodings/windows-cp1253.bin
usr/lib/x86_64-linux-gnu/ecl-21.2.1/encodings/windows-cp1254.bin
usr/lib/x86_64-linux-gnu/ecl-21.2.1/encodings/windows-cp1255.bin
usr/lib/x86_64-linux-gnu/ecl-21.2.1/encodings/windows-cp1256.bin
usr/lib/x86_64-linux-gnu/ecl-21.2.1/encodings/windows-cp1257.bin
usr/lib/x86_64-linux-gnu/ecl-21.2.1/encodings/windows-cp1258.bin
usr/lib/x86_64-linux-gnu/ecl-21.2.1/encodings/windows-cp932.bin
usr/lib/x86_64-linux-gnu/ecl-21.2.1/encodings/windows-cp936.bin
usr/lib/x86_64-linux-gnu/ecl-21.2.1/encodings/windows-cp949.bin
usr/lib/x86_64-linux-gnu/ecl-21.2.1/encodings/windows-cp950.bin
usr/lib/x86_64-linux-gnu/ecl-21.2.1/help.doc
usr/lib/x86_64-linux-gnu/ecl-21.2.1/libasdf.a
usr/lib/x86_64-linux-gnu/ecl-21.2.1/libcmp.a
usr/lib/x86_64-linux-gnu/ecl-21.2.1/libdeflate.a
usr/lib/x86_64-linux-gnu/ecl-21.2.1/libecl-cdb.a
usr/lib/x86_64-linux-gnu/ecl-21.2.1/libecl-curl.a
usr/lib/x86_64-linux-gnu/ecl-21.2.1/libecl-help.a
usr/lib/x86_64-linux-gnu/ecl-21.2.1/libecl-quicklisp.a
usr/lib/x86_64-linux-gnu/ecl-21.2.1/libpackage-locks.a
usr/lib/x86_64-linux-gnu/ecl-21.2.1/libql-minitar.a
usr/lib/x86_64-linux-gnu/ecl-21.2.1/libsb-bsd-sockets.a
usr/lib/x86_64-linux-gnu/ecl-21.2.1/libserve-event.a
usr/lib/x86_64-linux-gnu/ecl-21.2.1/libsockets.a
usr/lib/x86_64-linux-gnu/ecl-21.2.1/package-locks.asd
usr/lib/x86_64-linux-gnu/ecl-21.2.1/package-locks.fas
usr/lib/x86_64-linux-gnu/ecl-21.2.1/prebuilt-asdf.asd
usr/lib/x86_64-linux-gnu/ecl-21.2.1/ql-minitar.asd
usr/lib/x86_64-linux-gnu/ecl-21.2.1/ql-minitar.fas
usr/lib/x86_64-linux-gnu/ecl-21.2.1/sb-bsd-sockets.asd
usr/lib/x86_64-linux-gnu/ecl-21.2.1/sb-bsd-sockets.fas
usr/lib/x86_64-linux-gnu/ecl-21.2.1/serve-event.asd
usr/lib/x86_64-linux-gnu/ecl-21.2.1/serve-event.fas
usr/lib/x86_64-linux-gnu/ecl-21.2.1/sockets.asd
usr/lib/x86_64-linux-gnu/ecl-21.2.1/sockets.fas
usr/lib/x86_64-linux-gnu/libecl.so.21.2.1
usr/share/doc/ecl/README.Debian
usr/share/doc/ecl/changelog.Debian.gz
usr/share/doc/ecl/copyright
usr/share/info/dir.gz
usr/share/info/ecl.info.gz
usr/share/man/man1/ecl-config.1.gz
usr/share/man/man1/ecl.1.gz
